Arguments: 
  C:\Program Files\nodejs\node.exe C:\Program Files (x86)\Yarn\bin\yarn.js publish

PATH: 
  C:\Windows\system32;C:\Windows;C:\Windows\System32\Wbem;C:\Windows\System32\WindowsPowerShell\v1.0\;C:\Windows\System32\OpenSSH\;C:\ProgramData\chocolatey\bin;C:\Program Files\dotnet\;C:\Program Files\Microsoft SQL Server\130\Tools\Binn\;C:\Program Files\Microsoft SQL Server\Client SDK\ODBC\170\Tools\Binn\;C:\Program Files\Microsoft VS Code\bin;C:\Program Files\Git\cmd;C:\ProgramData\nvm;C:\Program Files\nodejs;C:\Program Files (x86)\Yarn\bin\;C:\Program Files\TortoiseSVN\bin;C:\Program Files\Azure Data Studio\bin;C:\Program Files (x86)\Microsoft SQL Server\150\DTS\Binn\;C:\Program Files\Docker\Docker\resources\bin;C:\ProgramData\DockerDesktop\version-bin;C:\Users\luksd\AppData\Local\Microsoft\WindowsApps;C:\Program Files\Oracle\VirtualBox;C:\Users\luksd\AppData\Local\Yarn\bin;C:\Program Files\Azure Data Studio\bin;C:\Users\luksd\.dotnet\tools

Yarn version: 
  1.22.4

Node version: 
  12.18.1

Platform: 
  win32 x64

Trace: 
  Error: canceled
      at Interface.<anonymous> (C:\Program Files (x86)\Yarn\lib\cli.js:137008:13)
      at Interface.emit (events.js:315:20)
      at Interface._ttyWrite (readline.js:866:16)
      at ReadStream.onkeypress (readline.js:205:10)
      at ReadStream.emit (events.js:315:20)
      at emitKeys (internal/readline/utils.js:335:14)
      at emitKeys.next (<anonymous>)
      at ReadStream.onData (readline.js:1133:36)
      at ReadStream.emit (events.js:315:20)
      at addChunk (_stream_readable.js:295:12)

npm manifest: 
  {
    "name": "sempapel",
    "version": "1.0.0",
    "main": "",
    "author": "Humberto Luksevicius",
    "license": "MIT",
    "scripts": {
      "start": "dotnet run -p ./src/Backend/Backend.csproj",
      "publish": "dotnet publish -p ./src/Backend/Backend.csproj -o D:/temp/publish/Sem-Papel/Backend",
      "watch": "dotnet watch -p ./src/Backend/Backend.csproj run",
      "migration": "cd ./src/Repository/ && dotnet ef --startup-project ../Backend/Backend.csproj migrations add ",
      "remove-migration":"cd ./src/Repository/ && dotnet ef --startup-project ../Backend/Backend.csproj migrations remove",
      "database-update":"cd ./src/Repository/ && dotnet ef  --startup-project ../Backend/Backend.csproj database update"
    }
  }

yarn manifest: 
  No manifest

Lockfile: 
  No lockfile
